
> visa-manager@0.1.0 build
> next build

笆ｲ Next.js 16.2.0 (Turbopack)
- Environments: .env.local

笞 The "middleware" file convention is deprecated. Please use "proxy" instead. Learn more: https://nextjs.org/docs/messages/middleware-to-proxy
  Creating an optimized production build ...
笨・Compiled successfully in 14.5s
  Running TypeScript ...
  Finished TypeScript in 9.4s ...
  Collecting page data using 7 workers ...
Error: Failed to load external module firebase-admin-a14c8a5423a75469/firestore: Error: Cannot find module '@opentelemetry/api'
Require stack:
- C:\Users\truee\ai-administrative-scrivener\node_modules\@google-cloud\firestore\build\src\telemetry\enabled-trace-util.js
- C:\Users\truee\ai-administrative-scrivener\node_modules\@google-cloud\firestore\build\src\index.js
- C:\Users\truee\ai-administrative-scrivener\node_modules\firebase-admin\lib\firestore\index.js
    at Context.externalImport [as y] (C:\Users\truee\ai-administrative-scrivener\.next\server\chunks\[turbopack]_runtime.js:607:15)
    at async (C:\Users\truee\ai-administrative-scrivener\.next\server\chunks\[root-of-the-server]__030zd6s._.js:1:284)

> Build error occurred
Error: Failed to collect page data for /api/admin/organizations
    at ignore-listed frames {
  type: 'Error'
}
