
> visa-manager@0.1.0 build
> next build

笆ｲ Next.js 16.2.0 (Turbopack)
- Environments: .env.local

笞 The "middleware" file convention is deprecated. Please use "proxy" instead. Learn more: https://nextjs.org/docs/messages/middleware-to-proxy
  Creating an optimized production build ...
笨・Compiled successfully in 17.3s
  Running TypeScript ...
  Finished TypeScript in 7.2s ...
  Collecting page data using 7 workers ...
  Generating static pages using 7 workers (0/7) ...
  Generating static pages using 7 workers (1/7) 
RESEND_API_KEY is not set in production environment.
  Generating static pages using 7 workers (3/7) 
  Generating static pages using 7 workers (5/7) 
笨・Generating static pages using 7 workers (7/7) in 610ms
  Finalizing page optimization ...

Route (app)
笏・笳・/
笏・笳・/_not-found
笏・ﾆ・/api/ai-review
笏・ﾆ・/api/validate-image
笏・ﾆ・/foreigner/entry/[token]
笏・笳・/login


ﾆ・Proxy (Middleware)

笳・ (Static)   prerendered as static content
ﾆ・ (Dynamic)  server-rendered on demand

